\BOOKMARK [1][-]{section.1}{Item 1}{}% 1
\BOOKMARK [1][-]{section.2}{Introducci\363n}{}% 2
\BOOKMARK [2][-]{subsection.2.1}{Aplicaciones Integradas}{section.2}% 3
\BOOKMARK [2][-]{subsection.2.2}{Evoluci\363n del proyecto}{section.2}% 4
\BOOKMARK [3][-]{subsubsection.2.2.1}{Integraci\363n con Google Drive}{subsection.2.2}% 5
\BOOKMARK [3][-]{subsubsection.2.2.2}{Integraci\363n con Dropbox}{subsection.2.2}% 6
\BOOKMARK [3][-]{subsubsection.2.2.3}{Integraci\363n con Facebook}{subsection.2.2}% 7
\BOOKMARK [3][-]{subsubsection.2.2.4}{Integraci\363n con Flickr}{subsection.2.2}% 8
\BOOKMARK [3][-]{subsubsection.2.2.5}{Problemas comunes encontrados}{subsection.2.2}% 9
\BOOKMARK [1][-]{section.3}{Prototipos de Interfaz de Usuario}{}% 10
\BOOKMARK [2][-]{subsection.3.1}{Interfaz de inicio}{section.3}% 11
\BOOKMARK [2][-]{subsection.3.2}{Interfaz de selecci\363n de descarga}{section.3}% 12
\BOOKMARK [2][-]{subsection.3.3}{Interfaz de cada aplicaci\363n}{section.3}% 13
\BOOKMARK [2][-]{subsection.3.4}{Interfaz de selecci\363n de publicaci\363n}{section.3}% 14
\BOOKMARK [1][-]{section.4}{Arquitectura}{}% 15
\BOOKMARK [2][-]{subsection.4.1}{Diagrama de Componentes}{section.4}% 16
\BOOKMARK [2][-]{subsection.4.2}{Diagrama de Despliegue}{section.4}% 17
\BOOKMARK [2][-]{subsection.4.3}{Diagrama de Vistas}{section.4}% 18
\BOOKMARK [1][-]{section.5}{Pruebas}{}% 19
\BOOKMARK [2][-]{subsection.5.1}{Facebook}{section.5}% 20
\BOOKMARK [2][-]{subsection.5.2}{Flickr}{section.5}% 21
\BOOKMARK [2][-]{subsection.5.3}{Dropbox}{section.5}% 22
\BOOKMARK [3][-]{subsubsection.5.3.1}{Test GetAll}{subsection.5.3}% 23
\BOOKMARK [3][-]{subsubsection.5.3.2}{Test Insert}{subsection.5.3}% 24
\BOOKMARK [3][-]{subsubsection.5.3.3}{TestDownload}{subsection.5.3}% 25
\BOOKMARK [2][-]{subsection.5.4}{Google Drive}{section.5}% 26
\BOOKMARK [1][-]{section.6}{Api Rest}{}% 27
\BOOKMARK [1][-]{section.7}{Historial de Versiones}{}% 28
\BOOKMARK [1][-]{section.8}{Autoevaluaci\363n}{}% 29
\BOOKMARK [1][-]{section.9}{Herramientas utilizadas}{}% 30
\BOOKMARK [1][-]{section.10}{Lenguajes utilizados}{}% 31
